13:14:33 INFO  : Registering command handlers for SDK TCF services
13:14:33 INFO  : Launching XSCT server: xsct -n -interactive /home/macmala/Documents/Courses/ECE315/labs/lab2/lab2_v0.sdk/temp_xsdb_launch_script.tcl
13:14:35 INFO  : XSCT server has started successfully.
13:14:36 INFO  : Successfully done setting XSCT server connection channel  
13:14:36 INFO  : Successfully done setting SDK workspace  
13:14:36 INFO  : Processing command line option -hwspec /home/macmala/Documents/Courses/ECE315/labs/lab2/lab2_v0.sdk/design_1_wrapper.hdf.
14:13:22 INFO  : Connected to target on host '127.0.0.1' and port '3121'.
14:13:22 INFO  : Jtag cable 'Digilent Zybo Z7 210351AB6E73A' is selected.
14:13:22 INFO  : 'jtag frequency' command is executed.
14:13:22 INFO  : Sourcing of '/home/macmala/Documents/Courses/ECE315/labs/lab2/lab2_v0.sdk/design_1_wrapper_hw_platform_0/ps7_init.tcl' is done.
14:13:22 INFO  : Context for 'APU' is selected.
14:13:23 INFO  : System reset is completed.
14:13:26 INFO  : 'after 3000' command is executed.
14:13:26 INFO  : 'targets -set -filter {jtag_cable_name =~ "Digilent Zybo Z7 210351AB6E73A" && level==0} -index 1' command is executed.
14:13:27 INFO  : FPGA configured successfully with bitstream "/home/macmala/Documents/Courses/ECE315/labs/lab2/lab2_v0.sdk/design_1_wrapper_hw_platform_0/design_1_wrapper.bit"
14:13:27 INFO  : Context for 'APU' is selected.
14:13:27 INFO  : Hardware design information is loaded from '/home/macmala/Documents/Courses/ECE315/labs/lab2/lab2_v0.sdk/design_1_wrapper_hw_platform_0/system.hdf'.
14:13:27 INFO  : 'configparams force-mem-access 1' command is executed.
14:13:27 INFO  : Context for 'APU' is selected.
14:13:27 INFO  : 'ps7_init' command is executed.
14:13:27 INFO  : 'ps7_post_config' command is executed.
14:13:27 INFO  : Context for processor 'ps7_cortexa9_0' is selected.
14:13:27 INFO  : The application '/home/macmala/Documents/Courses/ECE315/labs/lab2/lab2_v0.sdk/exercise1/Debug/exercise1.elf' is downloaded to processor 'ps7_cortexa9_0'.
14:13:27 INFO  : 'configparams force-mem-access 0' command is executed.
14:13:27 INFO  : ----------------XSDB Script----------------
connect -url tcp:127.0.0.1:3121
source /home/macmala/Documents/Courses/ECE315/labs/lab2/lab2_v0.sdk/design_1_wrapper_hw_platform_0/ps7_init.tcl
targets -set -nocase -filter {name =~"APU*" && jtag_cable_name =~ "Digilent Zybo Z7 210351AB6E73A"} -index 0
rst -system
after 3000
targets -set -filter {jtag_cable_name =~ "Digilent Zybo Z7 210351AB6E73A" && level==0} -index 1
fpga -file /home/macmala/Documents/Courses/ECE315/labs/lab2/lab2_v0.sdk/design_1_wrapper_hw_platform_0/design_1_wrapper.bit
targets -set -nocase -filter {name =~"APU*" && jtag_cable_name =~ "Digilent Zybo Z7 210351AB6E73A"} -index 0
loadhw -hw /home/macmala/Documents/Courses/ECE315/labs/lab2/lab2_v0.sdk/design_1_wrapper_hw_platform_0/system.hdf -mem-ranges [list {0x40000000 0xbfffffff}]
configparams force-mem-access 1
targets -set -nocase -filter {name =~"APU*" && jtag_cable_name =~ "Digilent Zybo Z7 210351AB6E73A"} -index 0
ps7_init
ps7_post_config
targets -set -nocase -filter {name =~ "ARM*#0" && jtag_cable_name =~ "Digilent Zybo Z7 210351AB6E73A"} -index 0
dow /home/macmala/Documents/Courses/ECE315/labs/lab2/lab2_v0.sdk/exercise1/Debug/exercise1.elf
configparams force-mem-access 0
----------------End of Script----------------

14:13:27 INFO  : Memory regions updated for context APU
14:13:27 INFO  : Context for processor 'ps7_cortexa9_0' is selected.
14:13:27 INFO  : 'con' command is executed.
14:13:27 INFO  : ----------------XSDB Script (After Launch)----------------
targets -set -nocase -filter {name =~ "ARM*#0" && jtag_cable_name =~ "Digilent Zybo Z7 210351AB6E73A"} -index 0
con
----------------End of Script----------------

14:13:27 INFO  : Launch script is exported to file '/home/macmala/Documents/Courses/ECE315/labs/lab2/lab2_v0.sdk/.sdk/launch_scripts/xilinx_c-c++_application_(system_debugger)/debug_exercise_1.tcl'
15:27:38 INFO  : Disconnected from the channel tcfchan#1.
15:27:39 INFO  : Connected to target on host '127.0.0.1' and port '3121'.
15:27:39 INFO  : Jtag cable 'Digilent Zybo Z7 210351AB6E73A' is selected.
15:27:39 INFO  : 'jtag frequency' command is executed.
15:27:40 INFO  : Sourcing of '/home/macmala/Documents/Courses/ECE315/labs/lab2/lab2_v0.sdk/design_1_wrapper_hw_platform_0/ps7_init.tcl' is done.
15:27:40 INFO  : Context for 'APU' is selected.
15:27:40 INFO  : System reset is completed.
15:27:43 INFO  : 'after 3000' command is executed.
15:27:43 INFO  : 'targets -set -filter {jtag_cable_name =~ "Digilent Zybo Z7 210351AB6E73A" && level==0} -index 1' command is executed.
15:27:44 INFO  : FPGA configured successfully with bitstream "/home/macmala/Documents/Courses/ECE315/labs/lab2/lab2_v0.sdk/design_1_wrapper_hw_platform_0/design_1_wrapper.bit"
15:27:44 INFO  : Context for 'APU' is selected.
15:27:45 INFO  : Hardware design information is loaded from '/home/macmala/Documents/Courses/ECE315/labs/lab2/lab2_v0.sdk/design_1_wrapper_hw_platform_0/system.hdf'.
15:27:45 INFO  : 'configparams force-mem-access 1' command is executed.
15:27:45 INFO  : Context for 'APU' is selected.
15:27:45 INFO  : 'ps7_init' command is executed.
15:27:45 INFO  : 'ps7_post_config' command is executed.
15:27:45 INFO  : Context for processor 'ps7_cortexa9_0' is selected.
15:27:45 INFO  : The application '/home/macmala/Documents/Courses/ECE315/labs/lab2/lab2_v0.sdk/exercise1/Debug/exercise1.elf' is downloaded to processor 'ps7_cortexa9_0'.
15:27:45 INFO  : 'configparams force-mem-access 0' command is executed.
15:27:45 INFO  : ----------------XSDB Script----------------
connect -url tcp:127.0.0.1:3121
source /home/macmala/Documents/Courses/ECE315/labs/lab2/lab2_v0.sdk/design_1_wrapper_hw_platform_0/ps7_init.tcl
targets -set -nocase -filter {name =~"APU*" && jtag_cable_name =~ "Digilent Zybo Z7 210351AB6E73A"} -index 0
rst -system
after 3000
targets -set -filter {jtag_cable_name =~ "Digilent Zybo Z7 210351AB6E73A" && level==0} -index 1
fpga -file /home/macmala/Documents/Courses/ECE315/labs/lab2/lab2_v0.sdk/design_1_wrapper_hw_platform_0/design_1_wrapper.bit
targets -set -nocase -filter {name =~"APU*" && jtag_cable_name =~ "Digilent Zybo Z7 210351AB6E73A"} -index 0
loadhw -hw /home/macmala/Documents/Courses/ECE315/labs/lab2/lab2_v0.sdk/design_1_wrapper_hw_platform_0/system.hdf -mem-ranges [list {0x40000000 0xbfffffff}]
configparams force-mem-access 1
targets -set -nocase -filter {name =~"APU*" && jtag_cable_name =~ "Digilent Zybo Z7 210351AB6E73A"} -index 0
ps7_init
ps7_post_config
targets -set -nocase -filter {name =~ "ARM*#0" && jtag_cable_name =~ "Digilent Zybo Z7 210351AB6E73A"} -index 0
dow /home/macmala/Documents/Courses/ECE315/labs/lab2/lab2_v0.sdk/exercise1/Debug/exercise1.elf
configparams force-mem-access 0
----------------End of Script----------------

15:27:45 INFO  : Memory regions updated for context APU
15:27:45 INFO  : Context for processor 'ps7_cortexa9_0' is selected.
15:27:45 INFO  : 'con' command is executed.
15:27:45 INFO  : ----------------XSDB Script (After Launch)----------------
targets -set -nocase -filter {name =~ "ARM*#0" && jtag_cable_name =~ "Digilent Zybo Z7 210351AB6E73A"} -index 0
con
----------------End of Script----------------

15:27:45 INFO  : Launch script is exported to file '/home/macmala/Documents/Courses/ECE315/labs/lab2/lab2_v0.sdk/.sdk/launch_scripts/xilinx_c-c++_application_(system_debugger)/debug_exercise_1.tcl'
15:32:25 INFO  : Disconnected from the channel tcfchan#2.
15:32:26 INFO  : Connected to target on host '127.0.0.1' and port '3121'.
15:32:26 INFO  : Jtag cable 'Digilent Zybo Z7 210351AB6E73A' is selected.
15:32:26 INFO  : 'jtag frequency' command is executed.
15:32:26 INFO  : Sourcing of '/home/macmala/Documents/Courses/ECE315/labs/lab2/lab2_v0.sdk/design_1_wrapper_hw_platform_0/ps7_init.tcl' is done.
15:32:26 INFO  : Context for 'APU' is selected.
15:32:26 INFO  : System reset is completed.
15:32:29 INFO  : 'after 3000' command is executed.
15:32:30 INFO  : 'targets -set -filter {jtag_cable_name =~ "Digilent Zybo Z7 210351AB6E73A" && level==0} -index 1' command is executed.
15:32:31 INFO  : FPGA configured successfully with bitstream "/home/macmala/Documents/Courses/ECE315/labs/lab2/lab2_v0.sdk/design_1_wrapper_hw_platform_0/design_1_wrapper.bit"
15:32:31 INFO  : Context for 'APU' is selected.
15:32:32 INFO  : Hardware design information is loaded from '/home/macmala/Documents/Courses/ECE315/labs/lab2/lab2_v0.sdk/design_1_wrapper_hw_platform_0/system.hdf'.
15:32:32 INFO  : 'configparams force-mem-access 1' command is executed.
15:32:32 INFO  : Context for 'APU' is selected.
15:32:32 INFO  : 'ps7_init' command is executed.
15:32:32 INFO  : 'ps7_post_config' command is executed.
15:32:32 INFO  : Context for processor 'ps7_cortexa9_0' is selected.
15:32:32 INFO  : The application '/home/macmala/Documents/Courses/ECE315/labs/lab2/lab2_v0.sdk/exercise1/Debug/exercise1.elf' is downloaded to processor 'ps7_cortexa9_0'.
15:32:32 INFO  : 'configparams force-mem-access 0' command is executed.
15:32:32 INFO  : ----------------XSDB Script----------------
connect -url tcp:127.0.0.1:3121
source /home/macmala/Documents/Courses/ECE315/labs/lab2/lab2_v0.sdk/design_1_wrapper_hw_platform_0/ps7_init.tcl
targets -set -nocase -filter {name =~"APU*" && jtag_cable_name =~ "Digilent Zybo Z7 210351AB6E73A"} -index 0
rst -system
after 3000
targets -set -filter {jtag_cable_name =~ "Digilent Zybo Z7 210351AB6E73A" && level==0} -index 1
fpga -file /home/macmala/Documents/Courses/ECE315/labs/lab2/lab2_v0.sdk/design_1_wrapper_hw_platform_0/design_1_wrapper.bit
targets -set -nocase -filter {name =~"APU*" && jtag_cable_name =~ "Digilent Zybo Z7 210351AB6E73A"} -index 0
loadhw -hw /home/macmala/Documents/Courses/ECE315/labs/lab2/lab2_v0.sdk/design_1_wrapper_hw_platform_0/system.hdf -mem-ranges [list {0x40000000 0xbfffffff}]
configparams force-mem-access 1
targets -set -nocase -filter {name =~"APU*" && jtag_cable_name =~ "Digilent Zybo Z7 210351AB6E73A"} -index 0
ps7_init
ps7_post_config
targets -set -nocase -filter {name =~ "ARM*#0" && jtag_cable_name =~ "Digilent Zybo Z7 210351AB6E73A"} -index 0
dow /home/macmala/Documents/Courses/ECE315/labs/lab2/lab2_v0.sdk/exercise1/Debug/exercise1.elf
configparams force-mem-access 0
----------------End of Script----------------

15:32:32 INFO  : Memory regions updated for context APU
15:32:32 INFO  : Context for processor 'ps7_cortexa9_0' is selected.
15:32:32 INFO  : 'con' command is executed.
15:32:32 INFO  : ----------------XSDB Script (After Launch)----------------
targets -set -nocase -filter {name =~ "ARM*#0" && jtag_cable_name =~ "Digilent Zybo Z7 210351AB6E73A"} -index 0
con
----------------End of Script----------------

15:32:32 INFO  : Launch script is exported to file '/home/macmala/Documents/Courses/ECE315/labs/lab2/lab2_v0.sdk/.sdk/launch_scripts/xilinx_c-c++_application_(system_debugger)/debug_exercise_1.tcl'
15:36:25 INFO  : Disconnected from the channel tcfchan#3.
15:36:26 INFO  : Connected to target on host '127.0.0.1' and port '3121'.
15:36:26 INFO  : Jtag cable 'Digilent Zybo Z7 210351AB6E73A' is selected.
15:36:26 INFO  : 'jtag frequency' command is executed.
15:36:26 INFO  : Sourcing of '/home/macmala/Documents/Courses/ECE315/labs/lab2/lab2_v0.sdk/design_1_wrapper_hw_platform_0/ps7_init.tcl' is done.
15:36:26 INFO  : Context for 'APU' is selected.
15:36:27 INFO  : System reset is completed.
15:36:30 INFO  : 'after 3000' command is executed.
15:36:30 INFO  : 'targets -set -filter {jtag_cable_name =~ "Digilent Zybo Z7 210351AB6E73A" && level==0} -index 1' command is executed.
15:36:31 INFO  : FPGA configured successfully with bitstream "/home/macmala/Documents/Courses/ECE315/labs/lab2/lab2_v0.sdk/design_1_wrapper_hw_platform_0/design_1_wrapper.bit"
15:36:31 INFO  : Context for 'APU' is selected.
15:36:32 INFO  : Hardware design information is loaded from '/home/macmala/Documents/Courses/ECE315/labs/lab2/lab2_v0.sdk/design_1_wrapper_hw_platform_0/system.hdf'.
15:36:32 INFO  : 'configparams force-mem-access 1' command is executed.
15:36:32 INFO  : Context for 'APU' is selected.
15:36:32 INFO  : 'ps7_init' command is executed.
15:36:32 INFO  : 'ps7_post_config' command is executed.
15:36:32 INFO  : Context for processor 'ps7_cortexa9_0' is selected.
15:36:32 INFO  : The application '/home/macmala/Documents/Courses/ECE315/labs/lab2/lab2_v0.sdk/exercise1/Debug/exercise1.elf' is downloaded to processor 'ps7_cortexa9_0'.
15:36:32 INFO  : 'configparams force-mem-access 0' command is executed.
15:36:32 INFO  : ----------------XSDB Script----------------
connect -url tcp:127.0.0.1:3121
source /home/macmala/Documents/Courses/ECE315/labs/lab2/lab2_v0.sdk/design_1_wrapper_hw_platform_0/ps7_init.tcl
targets -set -nocase -filter {name =~"APU*" && jtag_cable_name =~ "Digilent Zybo Z7 210351AB6E73A"} -index 0
rst -system
after 3000
targets -set -filter {jtag_cable_name =~ "Digilent Zybo Z7 210351AB6E73A" && level==0} -index 1
fpga -file /home/macmala/Documents/Courses/ECE315/labs/lab2/lab2_v0.sdk/design_1_wrapper_hw_platform_0/design_1_wrapper.bit
targets -set -nocase -filter {name =~"APU*" && jtag_cable_name =~ "Digilent Zybo Z7 210351AB6E73A"} -index 0
loadhw -hw /home/macmala/Documents/Courses/ECE315/labs/lab2/lab2_v0.sdk/design_1_wrapper_hw_platform_0/system.hdf -mem-ranges [list {0x40000000 0xbfffffff}]
configparams force-mem-access 1
targets -set -nocase -filter {name =~"APU*" && jtag_cable_name =~ "Digilent Zybo Z7 210351AB6E73A"} -index 0
ps7_init
ps7_post_config
targets -set -nocase -filter {name =~ "ARM*#0" && jtag_cable_name =~ "Digilent Zybo Z7 210351AB6E73A"} -index 0
dow /home/macmala/Documents/Courses/ECE315/labs/lab2/lab2_v0.sdk/exercise1/Debug/exercise1.elf
configparams force-mem-access 0
----------------End of Script----------------

15:36:32 INFO  : Memory regions updated for context APU
15:36:32 INFO  : Context for processor 'ps7_cortexa9_0' is selected.
15:36:32 INFO  : 'con' command is executed.
15:36:32 INFO  : ----------------XSDB Script (After Launch)----------------
targets -set -nocase -filter {name =~ "ARM*#0" && jtag_cable_name =~ "Digilent Zybo Z7 210351AB6E73A"} -index 0
con
----------------End of Script----------------

15:36:32 INFO  : Launch script is exported to file '/home/macmala/Documents/Courses/ECE315/labs/lab2/lab2_v0.sdk/.sdk/launch_scripts/xilinx_c-c++_application_(system_debugger)/debug_exercise_1.tcl'
15:37:05 INFO  : Disconnected from the channel tcfchan#4.
15:37:06 INFO  : Connected to target on host '127.0.0.1' and port '3121'.
15:37:07 INFO  : Jtag cable 'Digilent Zybo Z7 210351AB6E73A' is selected.
15:37:07 INFO  : 'jtag frequency' command is executed.
15:37:07 INFO  : Sourcing of '/home/macmala/Documents/Courses/ECE315/labs/lab2/lab2_v0.sdk/design_1_wrapper_hw_platform_0/ps7_init.tcl' is done.
15:37:07 INFO  : Context for 'APU' is selected.
15:37:07 INFO  : System reset is completed.
15:37:10 INFO  : 'after 3000' command is executed.
15:37:10 INFO  : 'targets -set -filter {jtag_cable_name =~ "Digilent Zybo Z7 210351AB6E73A" && level==0} -index 1' command is executed.
15:37:11 INFO  : FPGA configured successfully with bitstream "/home/macmala/Documents/Courses/ECE315/labs/lab2/lab2_v0.sdk/design_1_wrapper_hw_platform_0/design_1_wrapper.bit"
15:37:11 INFO  : Context for 'APU' is selected.
15:37:12 INFO  : Hardware design information is loaded from '/home/macmala/Documents/Courses/ECE315/labs/lab2/lab2_v0.sdk/design_1_wrapper_hw_platform_0/system.hdf'.
15:37:12 INFO  : 'configparams force-mem-access 1' command is executed.
15:37:12 INFO  : Context for 'APU' is selected.
15:37:12 INFO  : 'ps7_init' command is executed.
15:37:12 INFO  : 'ps7_post_config' command is executed.
15:37:12 INFO  : Context for processor 'ps7_cortexa9_0' is selected.
15:37:12 INFO  : The application '/home/macmala/Documents/Courses/ECE315/labs/lab2/lab2_v0.sdk/exercise1/Debug/exercise1.elf' is downloaded to processor 'ps7_cortexa9_0'.
15:37:12 INFO  : 'configparams force-mem-access 0' command is executed.
15:37:12 INFO  : ----------------XSDB Script----------------
connect -url tcp:127.0.0.1:3121
source /home/macmala/Documents/Courses/ECE315/labs/lab2/lab2_v0.sdk/design_1_wrapper_hw_platform_0/ps7_init.tcl
targets -set -nocase -filter {name =~"APU*" && jtag_cable_name =~ "Digilent Zybo Z7 210351AB6E73A"} -index 0
rst -system
after 3000
targets -set -filter {jtag_cable_name =~ "Digilent Zybo Z7 210351AB6E73A" && level==0} -index 1
fpga -file /home/macmala/Documents/Courses/ECE315/labs/lab2/lab2_v0.sdk/design_1_wrapper_hw_platform_0/design_1_wrapper.bit
targets -set -nocase -filter {name =~"APU*" && jtag_cable_name =~ "Digilent Zybo Z7 210351AB6E73A"} -index 0
loadhw -hw /home/macmala/Documents/Courses/ECE315/labs/lab2/lab2_v0.sdk/design_1_wrapper_hw_platform_0/system.hdf -mem-ranges [list {0x40000000 0xbfffffff}]
configparams force-mem-access 1
targets -set -nocase -filter {name =~"APU*" && jtag_cable_name =~ "Digilent Zybo Z7 210351AB6E73A"} -index 0
ps7_init
ps7_post_config
targets -set -nocase -filter {name =~ "ARM*#0" && jtag_cable_name =~ "Digilent Zybo Z7 210351AB6E73A"} -index 0
dow /home/macmala/Documents/Courses/ECE315/labs/lab2/lab2_v0.sdk/exercise1/Debug/exercise1.elf
configparams force-mem-access 0
----------------End of Script----------------

15:37:12 INFO  : Memory regions updated for context APU
15:37:12 INFO  : Context for processor 'ps7_cortexa9_0' is selected.
15:37:12 INFO  : 'con' command is executed.
15:37:12 INFO  : ----------------XSDB Script (After Launch)----------------
targets -set -nocase -filter {name =~ "ARM*#0" && jtag_cable_name =~ "Digilent Zybo Z7 210351AB6E73A"} -index 0
con
----------------End of Script----------------

15:37:12 INFO  : Launch script is exported to file '/home/macmala/Documents/Courses/ECE315/labs/lab2/lab2_v0.sdk/.sdk/launch_scripts/xilinx_c-c++_application_(system_debugger)/debug_exercise_1.tcl'
15:42:35 INFO  : Disconnected from the channel tcfchan#5.
15:42:36 INFO  : Connected to target on host '127.0.0.1' and port '3121'.
15:42:36 INFO  : Jtag cable 'Digilent Zybo Z7 210351AB6E73A' is selected.
15:42:36 INFO  : 'jtag frequency' command is executed.
15:42:36 INFO  : Sourcing of '/home/macmala/Documents/Courses/ECE315/labs/lab2/lab2_v0.sdk/design_1_wrapper_hw_platform_0/ps7_init.tcl' is done.
15:42:36 INFO  : Context for 'APU' is selected.
15:42:36 INFO  : System reset is completed.
15:42:39 INFO  : 'after 3000' command is executed.
15:42:39 INFO  : 'targets -set -filter {jtag_cable_name =~ "Digilent Zybo Z7 210351AB6E73A" && level==0} -index 1' command is executed.
15:42:40 INFO  : FPGA configured successfully with bitstream "/home/macmala/Documents/Courses/ECE315/labs/lab2/lab2_v0.sdk/design_1_wrapper_hw_platform_0/design_1_wrapper.bit"
15:42:40 INFO  : Context for 'APU' is selected.
15:42:41 INFO  : Hardware design information is loaded from '/home/macmala/Documents/Courses/ECE315/labs/lab2/lab2_v0.sdk/design_1_wrapper_hw_platform_0/system.hdf'.
15:42:41 INFO  : 'configparams force-mem-access 1' command is executed.
15:42:41 INFO  : Context for 'APU' is selected.
15:42:41 INFO  : 'ps7_init' command is executed.
15:42:41 INFO  : 'ps7_post_config' command is executed.
15:42:41 INFO  : Context for processor 'ps7_cortexa9_0' is selected.
15:42:41 INFO  : The application '/home/macmala/Documents/Courses/ECE315/labs/lab2/lab2_v0.sdk/exercise1/Debug/exercise1.elf' is downloaded to processor 'ps7_cortexa9_0'.
15:42:41 INFO  : 'configparams force-mem-access 0' command is executed.
15:42:41 INFO  : ----------------XSDB Script----------------
connect -url tcp:127.0.0.1:3121
source /home/macmala/Documents/Courses/ECE315/labs/lab2/lab2_v0.sdk/design_1_wrapper_hw_platform_0/ps7_init.tcl
targets -set -nocase -filter {name =~"APU*" && jtag_cable_name =~ "Digilent Zybo Z7 210351AB6E73A"} -index 0
rst -system
after 3000
targets -set -filter {jtag_cable_name =~ "Digilent Zybo Z7 210351AB6E73A" && level==0} -index 1
fpga -file /home/macmala/Documents/Courses/ECE315/labs/lab2/lab2_v0.sdk/design_1_wrapper_hw_platform_0/design_1_wrapper.bit
targets -set -nocase -filter {name =~"APU*" && jtag_cable_name =~ "Digilent Zybo Z7 210351AB6E73A"} -index 0
loadhw -hw /home/macmala/Documents/Courses/ECE315/labs/lab2/lab2_v0.sdk/design_1_wrapper_hw_platform_0/system.hdf -mem-ranges [list {0x40000000 0xbfffffff}]
configparams force-mem-access 1
targets -set -nocase -filter {name =~"APU*" && jtag_cable_name =~ "Digilent Zybo Z7 210351AB6E73A"} -index 0
ps7_init
ps7_post_config
targets -set -nocase -filter {name =~ "ARM*#0" && jtag_cable_name =~ "Digilent Zybo Z7 210351AB6E73A"} -index 0
dow /home/macmala/Documents/Courses/ECE315/labs/lab2/lab2_v0.sdk/exercise1/Debug/exercise1.elf
configparams force-mem-access 0
----------------End of Script----------------

15:42:41 INFO  : Memory regions updated for context APU
15:42:42 INFO  : Context for processor 'ps7_cortexa9_0' is selected.
15:42:42 INFO  : 'con' command is executed.
15:42:42 INFO  : ----------------XSDB Script (After Launch)----------------
targets -set -nocase -filter {name =~ "ARM*#0" && jtag_cable_name =~ "Digilent Zybo Z7 210351AB6E73A"} -index 0
con
----------------End of Script----------------

15:42:42 INFO  : Launch script is exported to file '/home/macmala/Documents/Courses/ECE315/labs/lab2/lab2_v0.sdk/.sdk/launch_scripts/xilinx_c-c++_application_(system_debugger)/debug_exercise_1.tcl'
15:45:48 INFO  : Disconnected from the channel tcfchan#6.
15:45:49 INFO  : Connected to target on host '127.0.0.1' and port '3121'.
15:45:49 INFO  : Jtag cable 'Digilent Zybo Z7 210351AB6E73A' is selected.
15:45:49 INFO  : 'jtag frequency' command is executed.
15:45:49 INFO  : Sourcing of '/home/macmala/Documents/Courses/ECE315/labs/lab2/lab2_v0.sdk/design_1_wrapper_hw_platform_0/ps7_init.tcl' is done.
15:45:49 INFO  : Context for 'APU' is selected.
15:45:49 INFO  : System reset is completed.
15:45:52 INFO  : 'after 3000' command is executed.
15:45:52 INFO  : 'targets -set -filter {jtag_cable_name =~ "Digilent Zybo Z7 210351AB6E73A" && level==0} -index 1' command is executed.
15:45:53 INFO  : FPGA configured successfully with bitstream "/home/macmala/Documents/Courses/ECE315/labs/lab2/lab2_v0.sdk/design_1_wrapper_hw_platform_0/design_1_wrapper.bit"
15:45:53 INFO  : Context for 'APU' is selected.
15:45:54 INFO  : Hardware design information is loaded from '/home/macmala/Documents/Courses/ECE315/labs/lab2/lab2_v0.sdk/design_1_wrapper_hw_platform_0/system.hdf'.
15:45:54 INFO  : 'configparams force-mem-access 1' command is executed.
15:45:54 INFO  : Context for 'APU' is selected.
15:45:55 INFO  : 'ps7_init' command is executed.
15:45:55 INFO  : 'ps7_post_config' command is executed.
15:45:55 INFO  : Context for processor 'ps7_cortexa9_0' is selected.
15:45:55 INFO  : The application '/home/macmala/Documents/Courses/ECE315/labs/lab2/lab2_v0.sdk/exercise1/Debug/exercise1.elf' is downloaded to processor 'ps7_cortexa9_0'.
15:45:55 INFO  : 'configparams force-mem-access 0' command is executed.
15:45:55 INFO  : ----------------XSDB Script----------------
connect -url tcp:127.0.0.1:3121
source /home/macmala/Documents/Courses/ECE315/labs/lab2/lab2_v0.sdk/design_1_wrapper_hw_platform_0/ps7_init.tcl
targets -set -nocase -filter {name =~"APU*" && jtag_cable_name =~ "Digilent Zybo Z7 210351AB6E73A"} -index 0
rst -system
after 3000
targets -set -filter {jtag_cable_name =~ "Digilent Zybo Z7 210351AB6E73A" && level==0} -index 1
fpga -file /home/macmala/Documents/Courses/ECE315/labs/lab2/lab2_v0.sdk/design_1_wrapper_hw_platform_0/design_1_wrapper.bit
targets -set -nocase -filter {name =~"APU*" && jtag_cable_name =~ "Digilent Zybo Z7 210351AB6E73A"} -index 0
loadhw -hw /home/macmala/Documents/Courses/ECE315/labs/lab2/lab2_v0.sdk/design_1_wrapper_hw_platform_0/system.hdf -mem-ranges [list {0x40000000 0xbfffffff}]
configparams force-mem-access 1
targets -set -nocase -filter {name =~"APU*" && jtag_cable_name =~ "Digilent Zybo Z7 210351AB6E73A"} -index 0
ps7_init
ps7_post_config
targets -set -nocase -filter {name =~ "ARM*#0" && jtag_cable_name =~ "Digilent Zybo Z7 210351AB6E73A"} -index 0
dow /home/macmala/Documents/Courses/ECE315/labs/lab2/lab2_v0.sdk/exercise1/Debug/exercise1.elf
configparams force-mem-access 0
----------------End of Script----------------

15:45:55 INFO  : Memory regions updated for context APU
15:45:55 INFO  : Context for processor 'ps7_cortexa9_0' is selected.
15:45:55 INFO  : 'con' command is executed.
15:45:55 INFO  : ----------------XSDB Script (After Launch)----------------
targets -set -nocase -filter {name =~ "ARM*#0" && jtag_cable_name =~ "Digilent Zybo Z7 210351AB6E73A"} -index 0
con
----------------End of Script----------------

15:45:55 INFO  : Launch script is exported to file '/home/macmala/Documents/Courses/ECE315/labs/lab2/lab2_v0.sdk/.sdk/launch_scripts/xilinx_c-c++_application_(system_debugger)/debug_exercise_1.tcl'
15:49:47 INFO  : Disconnected from the channel tcfchan#7.
