#-----------------------------------------------------------
# Webtalk v2019.1 (64-bit)
# SW Build 2552052 on Fri May 24 14:47:09 MDT 2019
# 
# Start of session at: Sun Feb 13 15:49:48 2022
# Process ID: 26831
# Current directory: /home/macmala/Documents/Courses/ECE315/labs/lab2/lab2_v0.sdk/webtalk
# Command line: wbtcv -mode batch -source sdk_webtalk.tcl
# Log file: /home/macmala/Documents/Courses/ECE315/labs/lab2/lab2_v0.sdk/webtalk/webtalk.log
# Journal file: /home/macmala/Documents/Courses/ECE315/labs/lab2/lab2_v0.sdk/webtalk/webtalk.jou
#-----------------------------------------------------------
source sdk_webtalk.tcl
# webtalk_init -webtalk_dir /home/macmala/Documents/Courses/ECE315/labs/lab2/lab2_v0.sdk/webtalk
# webtalk_register_client -client project
# webtalk_add_data -client project -key date_generated -value "2022-02-13 15:49:47" -context "software_version_and_target_device"
# webtalk_add_data -client project -key product_version -value "SDK v2019.1" -context "software_version_and_target_device"
# webtalk_add_data -client project -key build_version -value "2019.1" -context "software_version_and_target_device"
# webtalk_add_data -client project -key os_platform -value "amd64" -context "software_version_and_target_device"
# webtalk_add_data -client project -key registration_id -value "" -context "software_version_and_target_device"
# webtalk_add_data -client project -key tool_flow -value "SDK" -context "software_version_and_target_device"
# webtalk_add_data -client project -key beta -value "false" -context "software_version_and_target_device"
# webtalk_add_data -client project -key route_design -value "NA" -context "software_version_and_target_device"
# webtalk_add_data -client project -key target_family -value "NA" -context "software_version_and_target_device"
# webtalk_add_data -client project -key target_device -value "NA" -context "software_version_and_target_device"
# webtalk_add_data -client project -key target_package -value "NA" -context "software_version_and_target_device"
# webtalk_add_data -client project -key target_speed -value "NA" -context "software_version_and_target_device"
# webtalk_add_data -client project -key random_id -value "op93c4g4rulgfhtjs0h8cijk26" -context "software_version_and_target_device"
# webtalk_add_data -client project -key project_id -value "2019.1_2" -context "software_version_and_target_device"
# webtalk_add_data -client project -key project_iteration -value "2" -context "software_version_and_target_device"
# webtalk_add_data -client project -key os_name -value "Pop" -context "user_environment"
# webtalk_add_data -client project -key os_release -value "Pop!_OS 21.10" -context "user_environment"
# webtalk_add_data -client project -key cpu_name -value "AMD Ryzen 9 3900X 12-Core Processor" -context "user_environment"
# webtalk_add_data -client project -key cpu_speed -value "2200.000 MHz" -context "user_environment"
# webtalk_add_data -client project -key total_processors -value "2" -context "user_environment"
# webtalk_add_data -client project -key system_ram -value "33.633 GB" -context "user_environment"
# webtalk_register_client -client sdk
# webtalk_add_data -client sdk -key uid -value "1644783278000" -context "sdk\\\\hardware/1644783278000"
# webtalk_add_data -client sdk -key isZynq -value "true" -context "sdk\\\\hardware/1644783278000"
# webtalk_add_data -client sdk -key isZynqMP -value "false" -context "sdk\\\\hardware/1644783278000"
# webtalk_add_data -client sdk -key Processors -value "2" -context "sdk\\\\hardware/1644783278000"
# webtalk_add_data -client sdk -key VivadoVersion -value "2019.1" -context "sdk\\\\hardware/1644783278000"
# webtalk_add_data -client sdk -key Arch -value "zynq" -context "sdk\\\\hardware/1644783278000"
# webtalk_add_data -client sdk -key Device -value "7z010" -context "sdk\\\\hardware/1644783278000"
# webtalk_add_data -client sdk -key IsHandoff -value "true" -context "sdk\\\\hardware/1644783278000"
# webtalk_add_data -client sdk -key os -value "NA" -context "sdk\\\\hardware/1644783278000"
# webtalk_add_data -client sdk -key apptemplate -value "NA" -context "sdk\\\\hardware/1644783278000"
# webtalk_add_data -client sdk -key RecordType -value "HWCreation" -context "sdk\\\\hardware/1644783278000"
# webtalk_add_data -client sdk -key uid -value "1644783366000" -context "sdk\\\\bsp/1644783366000"
# webtalk_add_data -client sdk -key hwid -value "1644783278000" -context "sdk\\\\bsp/1644783366000"
# webtalk_add_data -client sdk -key os -value "freertos10_xilinx" -context "sdk\\\\bsp/1644783366000"
# webtalk_add_data -client sdk -key apptemplate -value "freertos_hello_world" -context "sdk\\\\bsp/1644783366000"
# webtalk_add_data -client sdk -key RecordType -value "BSPCreation" -context "sdk\\\\bsp/1644783366000"
# webtalk_add_data -client sdk -key uid -value "1644783367000" -context "sdk\\\\application/1644783367000"
# webtalk_add_data -client sdk -key hwid -value "1644783278000" -context "sdk\\\\application/1644783367000"
# webtalk_add_data -client sdk -key bspid -value "1644783366000" -context "sdk\\\\application/1644783367000"
# webtalk_add_data -client sdk -key newbsp -value "true" -context "sdk\\\\application/1644783367000"
# webtalk_add_data -client sdk -key os -value "freertos10_xilinx" -context "sdk\\\\application/1644783367000"
# webtalk_add_data -client sdk -key apptemplate -value "freertos_hello_world" -context "sdk\\\\application/1644783367000"
# webtalk_add_data -client sdk -key RecordType -value "APPCreation" -context "sdk\\\\application/1644783367000"
# webtalk_add_data -client sdk -key LangUsed -value "C" -context "sdk\\\\application/1644783367000"
# webtalk_add_data -client sdk -key Procused -value "ps7_cortexa9" -context "sdk\\\\application/1644783367000"
# webtalk_add_data -client sdk -key projSize -value "546.19921875" -context "sdk\\\\application/1644783367000"
# webtalk_add_data -client sdk -key uid -value "1644792482000" -context "sdk\\\\application/1644792482000"
# webtalk_add_data -client sdk -key hwid -value "1644783278000" -context "sdk\\\\application/1644792482000"
# webtalk_add_data -client sdk -key bspid -value "1644783366000" -context "sdk\\\\application/1644792482000"
# webtalk_add_data -client sdk -key newbsp -value "false" -context "sdk\\\\application/1644792482000"
# webtalk_add_data -client sdk -key os -value "freertos10_xilinx" -context "sdk\\\\application/1644792482000"
# webtalk_add_data -client sdk -key apptemplate -value "freertos_hello_world" -context "sdk\\\\application/1644792482000"
# webtalk_add_data -client sdk -key RecordType -value "APPCreation" -context "sdk\\\\application/1644792482000"
# webtalk_add_data -client sdk -key LangUsed -value "C" -context "sdk\\\\application/1644792482000"
# webtalk_add_data -client sdk -key Procused -value "ps7_cortexa9" -context "sdk\\\\application/1644792482000"
# webtalk_add_data -client sdk -key projSize -value "445.125" -context "sdk\\\\application/1644792482000"
# webtalk_add_data -client sdk -key uid -value "NA" -context "sdk\\\\bsp/1644792587222"
# webtalk_add_data -client sdk -key RecordType -value "ToolUsage" -context "sdk\\\\bsp/1644792587222"
# webtalk_add_data -client sdk -key BootgenCount -value "0" -context "sdk\\\\bsp/1644792587222"
# webtalk_add_data -client sdk -key DebugCount -value "7" -context "sdk\\\\bsp/1644792587222"
# webtalk_add_data -client sdk -key PerfCount -value "0" -context "sdk\\\\bsp/1644792587222"
# webtalk_add_data -client sdk -key FlashCount -value "0" -context "sdk\\\\bsp/1644792587222"
# webtalk_add_data -client sdk -key CrossTriggCount -value "0" -context "sdk\\\\bsp/1644792587222"
# webtalk_add_data -client sdk -key QemuDebugCount -value "0" -context "sdk\\\\bsp/1644792587222"
# webtalk_transmit -clientid 441372799 -regid "" -xml /home/macmala/Documents/Courses/ECE315/labs/lab2/lab2_v0.sdk/webtalk/usage_statistics_ext_sdk.xml -html /home/macmala/Documents/Courses/ECE315/labs/lab2/lab2_v0.sdk/webtalk/usage_statistics_ext_sdk.html -wdm /home/macmala/Documents/Courses/ECE315/labs/lab2/lab2_v0.sdk/webtalk/sdk_webtalk.wdm -intro "<H3>SDK Usage Report</H3><BR>"
# webtalk_terminate
INFO: [Common 17-206] Exiting Webtalk at Sun Feb 13 15:49:48 2022...
